<?xml version="1.0" encoding="UTF-8"?>
<!-- Generated by org.testng.reporters.JUnitReportReporter -->
<testsuite hostname="LAPTOP-6BKOM4AP" failures="0" tests="3" name="first.Selenium" time="30.163" errors="0" timestamp="5 Jun 2022 15:26:39 GMT">
  <testcase classname="first.Selenium" name="test4" time="0.002"/>
  <testcase classname="first.Selenium" name="test2" time="4.773"/>
  <testcase classname="first.Selenium" name="test" time="25.388"/>
</testsuite> <!-- first.Selenium -->
