<?xml version="1.0" encoding="UTF-8"?>
<!-- Generated by org.testng.reporters.JUnitReportReporter -->
<testsuite hostname="LAPTOP-6BKOM4AP" failures="0" tests="2" name="first.Selenium" time="12.062" errors="0" timestamp="3 Jun 2022 21:37:34 GMT">
  <testcase classname="first.Selenium" name="test" time="5.367"/>
  <testcase classname="first.Selenium" name="test2" time="6.695"/>
</testsuite> <!-- first.Selenium -->
