<?xml version="1.0" encoding="UTF-8"?>
<!-- Generated by org.testng.reporters.JUnitReportReporter -->
<testsuite hostname="LAPTOP-6BKOM4AP" failures="0" tests="1" name="Second.SeleniumTestNG" time="21.091" errors="0" timestamp="5 Jun 2022 20:50:46 GMT">
  <testcase classname="Second.SeleniumTestNG" name="MainTest" time="21.091"/>
</testsuite> <!-- Second.SeleniumTestNG -->
